<?xml version="1.0" encoding="UTF-8"?>
<!-- Generated by org.testng.reporters.JUnitXMLReporter -->
<testsuite hostname="DESKTOP-55O5G0N" ignored="0" name="Test" tests="1" failures="1" timestamp="2020-08-27T11:57:01 IST" time="19.933" errors="0">
  <testcase name="loginAsUser" time="19.898" classname="com.omnibridge.testcases.LoginTest">
    <failure type="java.lang.AssertionError" message="Login not successfull expected [true] but found [false]">
      <![CDATA[java.lang.AssertionError: Login not successfull expected [true] but found [false]
at com.omnibridge.testcases.LoginTest.loginAsUser(LoginTest.java:27)
at java.util.ArrayList.forEach(Unknown Source)
... Removed 30 stack frames]]>
    </failure>
  </testcase> <!-- loginAsUser -->
</testsuite> <!-- Test -->
