<?xml version="1.0" encoding="UTF-8"?>
<testng-results skipped="0" failed="0" ignored="0" total="1" passed="1">
  <reporter-output>
  </reporter-output>
  <suite name="Bindu Rekha login Test" duration-ms="11457" started-at="2020-08-27T15:26:41 IST" finished-at="2020-08-27T15:26:53 IST">
    <groups>
    </groups>
    <test name="Test" duration-ms="11457" started-at="2020-08-27T15:26:41 IST" finished-at="2020-08-27T15:26:53 IST">
      <class name="com.omnibridge.testcases.LoginTest">
        <test-method status="PASS" signature="setUp()[pri:0, instance:com.omnibridge.testcases.LoginTest@275710fc]" name="setUp" is-config="true" duration-ms="33960" started-at="2020-08-27T15:26:07 IST" finished-at="2020-08-27T15:26:41 IST">
          <reporter-output>
          </reporter-output>
        </test-method> <!-- setUp -->
        <test-method status="PASS" signature="loginAsUser()[pri:0, instance:com.omnibridge.testcases.LoginTest@275710fc]" name="loginAsUser" duration-ms="11364" started-at="2020-08-27T15:26:41 IST" finished-at="2020-08-27T15:26:53 IST">
          <reporter-output>
          </reporter-output>
        </test-method> <!-- loginAsUser -->
        <test-method status="PASS" signature="tearDown()[pri:0, instance:com.omnibridge.testcases.LoginTest@275710fc]" name="tearDown" is-config="true" duration-ms="1519" started-at="2020-08-27T15:26:53 IST" finished-at="2020-08-27T15:26:54 IST">
          <reporter-output>
          </reporter-output>
        </test-method> <!-- tearDown -->
      </class> <!-- com.omnibridge.testcases.LoginTest -->
    </test> <!-- Test -->
  </suite> <!-- Bindu Rekha login Test -->
</testng-results>
